<?xml version="1.0" encoding="UTF-8"?>
<testsuite name="15. Невалидные данные и исключения" tests="7" skipped="0" failures="0" errors="0" timestamp="2026-03-23T08:46:22.480Z" hostname="MacBook-Air-Nikita" time="0.003">
  <properties/>
  <testcase name="Смешанные валидные и невалидные значения выбрасывают исключение" classname="ru.itmo.tpo.BucketSortTest$ExceptionHandlingTests" time="0.0"/>
  <testcase name="Integer.MAX_VALUE выбрасывает исключение" classname="ru.itmo.tpo.BucketSortTest$ExceptionHandlingTests" time="0.0"/>
  <testcase name="null в середине списка выбрасывает исключение" classname="ru.itmo.tpo.BucketSortTest$ExceptionHandlingTests" time="0.0"/>
  <testcase name="Отрицательное значение -500 выбрасывает исключение" classname="ru.itmo.tpo.BucketSortTest$ExceptionHandlingTests" time="0.0"/>
  <testcase name="Очень отрицательное значение -999999 выбрасывает исключение" classname="ru.itmo.tpo.BucketSortTest$ExceptionHandlingTests" time="0.0"/>
  <testcase name="Integer.MIN_VALUE выбрасывает исключение" classname="ru.itmo.tpo.BucketSortTest$ExceptionHandlingTests" time="0.001"/>
  <testcase name="Значение 1500 выбрасывает исключение" classname="ru.itmo.tpo.BucketSortTest$ExceptionHandlingTests" time="0.0"/>
  <system-out><![CDATA[]]></system-out>
  <system-err><![CDATA[]]></system-err>
</testsuite>
