<?xml version="1.0" encoding="UTF-8"?>
<testsuite name="14. Производительность и объём данных" tests="3" skipped="0" failures="0" errors="0" timestamp="2026-03-23T08:46:22.484Z" hostname="MacBook-Air-Nikita" time="0.001">
  <properties/>
  <testcase name="Сортирует 500 элементов быстро" classname="ru.itmo.tpo.BucketSortTest$PerformanceTests" time="0.0"/>
  <testcase name="Сортирует случайное распределение 200 элементов" classname="ru.itmo.tpo.BucketSortTest$PerformanceTests" time="0.0"/>
  <testcase name="Сортирует 100 элементов с 99% дубликатов" classname="ru.itmo.tpo.BucketSortTest$PerformanceTests" time="0.0"/>
  <system-out><![CDATA[]]></system-out>
  <system-err><![CDATA[]]></system-err>
</testsuite>
