<?xml version="1.0" encoding="UTF-8"?>
<testsuite name="6. Большие списки и производительность" tests="2" skipped="0" failures="0" errors="0" timestamp="2026-03-23T08:46:22.551Z" hostname="MacBook-Air-Nikita" time="0.001">
  <properties/>
  <testcase name="Сортирует список из 100 случайных элементов" classname="ru.itmo.tpo.BucketSortTest$LargeLists" time="0.0"/>
  <testcase name="Сортирует список из 1000 элементов с повторениями" classname="ru.itmo.tpo.BucketSortTest$LargeLists" time="0.001"/>
  <system-out><![CDATA[]]></system-out>
  <system-err><![CDATA[]]></system-err>
</testsuite>
