<?xml version="1.0" encoding="UTF-8"?>
<testsuite name="12. Специальные значения (граничные диапазоны)" tests="5" skipped="0" failures="0" errors="0" timestamp="2026-03-23T08:46:22.523Z" hostname="MacBook-Air-Nikita" time="0.011">
  <properties/>
  <testcase name="low values 0-20: 20,0,15,5,10,3,18,1,2 -&gt; 0,1,2,3,5,10,15,18,20" classname="ru.itmo.tpo.BucketSortTest$EdgeValueTests" time="0.008"/>
  <testcase name="high values 980-999: 999,980,990,995,985 -&gt; 980,985,990,995,999" classname="ru.itmo.tpo.BucketSortTest$EdgeValueTests" time="0.001"/>
  <testcase name="middle values 400-600: 500,400,550,450,600 -&gt; 400,450,500,550,600" classname="ru.itmo.tpo.BucketSortTest$EdgeValueTests" time="0.0"/>
  <testcase name="only zeros: 0,0,0 -&gt; 0,0,0" classname="ru.itmo.tpo.BucketSortTest$EdgeValueTests" time="0.0"/>
  <testcase name="only max values: 999,999,999 -&gt; 999,999,999" classname="ru.itmo.tpo.BucketSortTest$EdgeValueTests" time="0.0"/>
  <system-out><![CDATA[]]></system-out>
  <system-err><![CDATA[]]></system-err>
</testsuite>
