<?xml version="1.0" encoding="UTF-8"?>
<testsuite name="1. Базовые случаи сортировки" tests="5" skipped="0" failures="0" errors="0" timestamp="2026-03-23T08:46:22.568Z" hostname="MacBook-Air-Nikita" time="0.002">
  <properties/>
  <testcase name="mixed values: 999,0,500,1,998,333,334 -&gt; 0,1,333,334,500,998,999" classname="ru.itmo.tpo.BucketSortTest$BasicSorting" time="0.001"/>
  <testcase name="empty list:  -&gt; " classname="ru.itmo.tpo.BucketSortTest$BasicSorting" time="0.0"/>
  <testcase name="single element: 42 -&gt; 42" classname="ru.itmo.tpo.BucketSortTest$BasicSorting" time="0.001"/>
  <testcase name="two elements ascending: 10,20 -&gt; 10,20" classname="ru.itmo.tpo.BucketSortTest$BasicSorting" time="0.0"/>
  <testcase name="two elements descending: 20,10 -&gt; 10,20" classname="ru.itmo.tpo.BucketSortTest$BasicSorting" time="0.0"/>
  <system-out><![CDATA[]]></system-out>
  <system-err><![CDATA[]]></system-err>
</testsuite>
