<?xml version="1.0" encoding="UTF-8"?>
<testsuite name="7. Трассировка (trace) сортировки" tests="6" skipped="0" failures="0" errors="0" timestamp="2026-03-23T08:46:22.548Z" hostname="MacBook-Air-Nikita" time="0.002">
  <properties/>
  <testcase name="Трассирует вставку дубликатов в один бакет" classname="ru.itmo.tpo.BucketSortTest$TraceValidation" time="0.001"/>
  <testcase name="Проверяет структуру trace с START и END" classname="ru.itmo.tpo.BucketSortTest$TraceValidation" time="0.0"/>
  <testcase name="Трассирует вставку в конец (tail) и посередину (middle)" classname="ru.itmo.tpo.BucketSortTest$TraceValidation" time="0.0"/>
  <testcase name="Трассирует вставку в начало (head)" classname="ru.itmo.tpo.BucketSortTest$TraceValidation" time="0.001"/>
  <testcase name="Трассирует пустой вставку в пустой бакет" classname="ru.itmo.tpo.BucketSortTest$TraceValidation" time="0.0"/>
  <testcase name="Трассирует вставку с разными бакетами" classname="ru.itmo.tpo.BucketSortTest$TraceValidation" time="0.0"/>
  <system-out><![CDATA[]]></system-out>
  <system-err><![CDATA[]]></system-err>
</testsuite>
