<?xml version="1.0" encoding="UTF-8"?>
<testsuite name="13. Точность трассировки для сложных сценариев" tests="4" skipped="0" failures="0" errors="0" timestamp="2026-03-23T08:46:22.486Z" hostname="MacBook-Air-Nikita" time="0.003">
  <properties/>
  <testcase name="Трассирует пустой список" classname="ru.itmo.tpo.BucketSortTest$AdvancedTraceTests" time="0.001"/>
  <testcase name="Трассирует один элемент" classname="ru.itmo.tpo.BucketSortTest$AdvancedTraceTests" time="0.0"/>
  <testcase name="MERGE события содержат правильные позиции" classname="ru.itmo.tpo.BucketSortTest$AdvancedTraceTests" time="0.001"/>
  <testcase name="Трассирует длинную последовательность дубликатов" classname="ru.itmo.tpo.BucketSortTest$AdvancedTraceTests" time="0.0"/>
  <system-out><![CDATA[]]></system-out>
  <system-err><![CDATA[]]></system-err>
</testsuite>
