<?xml version="1.0" encoding="UTF-8"?>
<testsuite name="9. Специальные последовательности" tests="3" skipped="0" failures="0" errors="0" timestamp="2026-03-23T08:46:22.541Z" hostname="MacBook-Air-Nikita" time="0.002">
  <properties/>
  <testcase name="sequential 1-10: 1,2,3,4,5,6,7,8,9,10 -&gt; 1,2,3,4,5,6,7,8,9,10" classname="ru.itmo.tpo.BucketSortTest$SpecialSequences" time="0.001"/>
  <testcase name="reverse sequential 10-1: 10,9,8,7,6,5,4,3,2,1 -&gt; 1,2,3,4,5,6,7,8,9,10" classname="ru.itmo.tpo.BucketSortTest$SpecialSequences" time="0.0"/>
  <testcase name="zigzag pattern: 1,100,2,99,3,98,4,97,5,96 -&gt; 1,2,3,4,5,96,97,98,99,100" classname="ru.itmo.tpo.BucketSortTest$SpecialSequences" time="0.0"/>
  <system-out><![CDATA[]]></system-out>
  <system-err><![CDATA[]]></system-err>
</testsuite>
