<?xml version="1.0" encoding="UTF-8"?>
<testsuite name="11. Граничные случаи между бакетами" tests="4" skipped="0" failures="0" errors="0" timestamp="2026-03-23T08:46:22.535Z" hostname="MacBook-Air-Nikita" time="0.003">
  <properties/>
  <testcase name="Все значения в одном бакете (0-33)" classname="ru.itmo.tpo.BucketSortTest$BucketBoundaryTests" time="0.0"/>
  <testcase name="Значения распределены по разным бакетам" classname="ru.itmo.tpo.BucketSortTest$BucketBoundaryTests" time="0.001"/>
  <testcase name="Граница бакета 0-1: value=33" classname="ru.itmo.tpo.BucketSortTest$BucketBoundaryTests" time="0.001"/>
  <testcase name="Граница бакета 0-1: value=34" classname="ru.itmo.tpo.BucketSortTest$BucketBoundaryTests" time="0.0"/>
  <system-out><![CDATA[]]></system-out>
  <system-err><![CDATA[]]></system-err>
</testsuite>
