<?xml version="1.0" encoding="UTF-8"?>
<testsuite name="1. Специальные и граничные значения" tests="4" skipped="0" failures="0" errors="0" timestamp="2026-03-23T09:31:20.208Z" hostname="MacBook-Air-Nikita" time="0.002">
  <properties/>
  <testcase name="arcsin(NaN) = NaN" classname="ru.itmo.tpo.utils.CalculationTest$SpecialValues" time="0.0"/>
  <testcase name="0.0: arcsin(0.0) = 0.0" classname="ru.itmo.tpo.utils.CalculationTest$SpecialValues" time="0.0"/>
  <testcase name="1e-9: arcsin(1.0) = 1.5707963267948966" classname="ru.itmo.tpo.utils.CalculationTest$SpecialValues" time="0.001"/>
  <testcase name="1e-9: arcsin(-1.0) = -1.5707963267948966" classname="ru.itmo.tpo.utils.CalculationTest$SpecialValues" time="0.0"/>
  <system-out><![CDATA[]]></system-out>
  <system-err><![CDATA[]]></system-err>
</testsuite>
