<?xml version="1.0" encoding="UTF-8"?>
<testsuite name="3. Симметрия (нечётность)" tests="6" skipped="0" failures="0" errors="0" timestamp="2026-03-23T09:31:20.200Z" hostname="MacBook-Air-Nikita" time="0.003">
  <properties/>
  <testcase name="arcsin(0.1) = 0.1001674211615598, arcsin(-0.1) = -0.1001674211615598" classname="ru.itmo.tpo.utils.CalculationTest$Symmetry" time="0.002"/>
  <testcase name="arcsin(0.25) = 0.25268025514207865, arcsin(-0.25) = -0.25268025514207865" classname="ru.itmo.tpo.utils.CalculationTest$Symmetry" time="0.0"/>
  <testcase name="arcsin(0.5) = 0.52359877559829882, arcsin(-0.5) = -0.52359877559829882" classname="ru.itmo.tpo.utils.CalculationTest$Symmetry" time="0.0"/>
  <testcase name="arcsin(0.75) = 0.848062078981481, arcsin(-0.75) = -0.848062078981481" classname="ru.itmo.tpo.utils.CalculationTest$Symmetry" time="0.0"/>
  <testcase name="arcsin(0.9) = 1.1197695149986342, arcsin(-0.9) = -1.1197695149986342" classname="ru.itmo.tpo.utils.CalculationTest$Symmetry" time="0.0"/>
  <testcase name="arcsin(0.999) = 1.5260712396261631, arcsin(-0.999) = -1.5260712396261631" classname="ru.itmo.tpo.utils.CalculationTest$Symmetry" time="0.0"/>
  <system-out><![CDATA[]]></system-out>
  <system-err><![CDATA[]]></system-err>
</testsuite>
