<?xml version="1.0" encoding="UTF-8"?>
<testsuite name="9. Тождество: arcsin(x) + arcsin(sqrt(1-x²)) = pi/2 для x (0,1)" tests="4" skipped="0" failures="0" errors="0" timestamp="2026-03-23T09:31:20.170Z" hostname="MacBook-Air-Nikita" time="0.002">
  <properties/>
  <testcase name="x=0.2, expected sum=1.5707963267948966" classname="ru.itmo.tpo.utils.CalculationTest$IdentityTest" time="0.001"/>
  <testcase name="x=0.4, expected sum=1.5707963267948966" classname="ru.itmo.tpo.utils.CalculationTest$IdentityTest" time="0.0"/>
  <testcase name="x=0.6, expected sum=1.5707963267948966" classname="ru.itmo.tpo.utils.CalculationTest$IdentityTest" time="0.001"/>
  <testcase name="x=0.8, expected sum=1.5707963267948966" classname="ru.itmo.tpo.utils.CalculationTest$IdentityTest" time="0.0"/>
  <system-out><![CDATA[]]></system-out>
  <system-err><![CDATA[]]></system-err>
</testsuite>
