<?xml version="1.0" encoding="UTF-8"?>
<testsuite name="6. Валидация параметров" tests="6" skipped="0" failures="0" errors="0" timestamp="2026-03-23T09:31:20.188Z" hostname="MacBook-Air-Nikita" time="0.006">
  <properties/>
  <testcase name="eps=NaN выбрасывает IllegalArgumentException" classname="ru.itmo.tpo.utils.CalculationTest$ParameterValidation" time="0.0"/>
  <testcase name="[1] 0.5, 1e-10, 0" classname="ru.itmo.tpo.utils.CalculationTest$ParameterValidation" time="0.002"/>
  <testcase name="[2] 0.5, 1e-10, -1" classname="ru.itmo.tpo.utils.CalculationTest$ParameterValidation" time="0.0"/>
  <testcase name="[1] 0.5, 0.0, 0" classname="ru.itmo.tpo.utils.CalculationTest$ParameterValidation" time="0.0"/>
  <testcase name="[2] 0.5, -1e-5, 1000000" classname="ru.itmo.tpo.utils.CalculationTest$ParameterValidation" time="0.0"/>
  <testcase name="[3] 0.5, Infinity, 1000000" classname="ru.itmo.tpo.utils.CalculationTest$ParameterValidation" time="0.0"/>
  <system-out><![CDATA[]]></system-out>
  <system-err><![CDATA[]]></system-err>
</testsuite>
