<?xml version="1.0" encoding="UTF-8"?>
<testsuite name="5. Область определения" tests="8" skipped="0" failures="0" errors="0" timestamp="2026-03-23T09:31:20.194Z" hostname="MacBook-Air-Nikita" time="0.003">
  <properties/>
  <testcase name="arcsin(+Infinity) выбрасывает исключение" classname="ru.itmo.tpo.utils.CalculationTest$Domain" time="0.0"/>
  <testcase name="x=1.0001 -&gt; IllegalArgumentException" classname="ru.itmo.tpo.utils.CalculationTest$Domain" time="0.001"/>
  <testcase name="x=2.0 -&gt; IllegalArgumentException" classname="ru.itmo.tpo.utils.CalculationTest$Domain" time="0.0"/>
  <testcase name="x=100.0 -&gt; IllegalArgumentException" classname="ru.itmo.tpo.utils.CalculationTest$Domain" time="0.0"/>
  <testcase name="x=-1.0001 -&gt; IllegalArgumentException" classname="ru.itmo.tpo.utils.CalculationTest$Domain" time="0.001"/>
  <testcase name="x=-2.0 -&gt; IllegalArgumentException" classname="ru.itmo.tpo.utils.CalculationTest$Domain" time="0.0"/>
  <testcase name="x=-100.0 -&gt; IllegalArgumentException" classname="ru.itmo.tpo.utils.CalculationTest$Domain" time="0.0"/>
  <testcase name="arcsin(-Infinity) выбрасывает исключение" classname="ru.itmo.tpo.utils.CalculationTest$Domain" time="0.0"/>
  <system-out><![CDATA[]]></system-out>
  <system-err><![CDATA[]]></system-err>
</testsuite>
