<?xml version="1.0" encoding="UTF-8"?>
<testsuite name="10. Сравнение с Math.asin по всему диапазону [-1, 1]" tests="201" skipped="0" failures="0" errors="0" timestamp="2026-03-23T09:31:20.065Z" hostname="MacBook-Air-Nikita" time="0.103">
  <properties/>
  <testcase name="x=-1.00, expected=-1.5707963267948966" classname="ru.itmo.tpo.utils.CalculationTest$CompareWithMathAsin" time="0.015"/>
  <testcase name="x=-0.99, expected=-1.4292568534704693" classname="ru.itmo.tpo.utils.CalculationTest$CompareWithMathAsin" time="0.0"/>
  <testcase name="x=-0.98, expected=-1.3704614844717768" classname="ru.itmo.tpo.utils.CalculationTest$CompareWithMathAsin" time="0.001"/>
  <testcase name="x=-0.97, expected=-1.3252308092796046" classname="ru.itmo.tpo.utils.CalculationTest$CompareWithMathAsin" time="0.001"/>
  <testcase name="x=-0.96, expected=-1.2870022175865687" classname="ru.itmo.tpo.utils.CalculationTest$CompareWithMathAsin" time="0.0"/>
  <testcase name="x=-0.95, expected=-1.2532358975033751" classname="ru.itmo.tpo.utils.CalculationTest$CompareWithMathAsin" time="0.0"/>
  <testcase name="x=-0.94, expected=-1.2226303055219356" classname="ru.itmo.tpo.utils.CalculationTest$CompareWithMathAsin" time="0.0"/>
  <testcase name="x=-0.93, expected=-1.1944128444771682" classname="ru.itmo.tpo.utils.CalculationTest$CompareWithMathAsin" time="0.0"/>
  <testcase name="x=-0.92, expected=-1.1680804852142352" classname="ru.itmo.tpo.utils.CalculationTest$CompareWithMathAsin" time="0.001"/>
  <testcase name="x=-0.91, expected=-1.1432840618500271" classname="ru.itmo.tpo.utils.CalculationTest$CompareWithMathAsin" time="0.0"/>
  <testcase name="x=-0.90, expected=-1.1197695149986342" classname="ru.itmo.tpo.utils.CalculationTest$CompareWithMathAsin" time="0.0"/>
  <testcase name="x=-0.89, expected=-1.0973451695228305" classname="ru.itmo.tpo.utils.CalculationTest$CompareWithMathAsin" time="0.0"/>
  <testcase name="x=-0.88, expected=-1.075862200454001" classname="ru.itmo.tpo.utils.CalculationTest$CompareWithMathAsin" time="0.0"/>
  <testcase name="x=-0.87, expected=-1.0552023205488061" classname="ru.itmo.tpo.utils.CalculationTest$CompareWithMathAsin" time="0.001"/>
  <testcase name="x=-0.86, expected=-1.0352696724805088" classname="ru.itmo.tpo.utils.CalculationTest$CompareWithMathAsin" time="0.0"/>
  <testcase name="x=-0.85, expected=-1.0159852938148251" classname="ru.itmo.tpo.utils.CalculationTest$CompareWithMathAsin" time="0.0"/>
  <testcase name="x=-0.84, expected=-0.99728322237179978" classname="ru.itmo.tpo.utils.CalculationTest$CompareWithMathAsin" time="0.0"/>
  <testcase name="x=-0.83, expected=-0.9791076843683526" classname="ru.itmo.tpo.utils.CalculationTest$CompareWithMathAsin" time="0.001"/>
  <testcase name="x=-0.82, expected=-0.96141101876410173" classname="ru.itmo.tpo.utils.CalculationTest$CompareWithMathAsin" time="0.0"/>
  <testcase name="x=-0.81, expected=-0.94415211515415609" classname="ru.itmo.tpo.utils.CalculationTest$CompareWithMathAsin" time="0.0"/>
  <testcase name="x=-0.80, expected=-0.9272952180016123" classname="ru.itmo.tpo.utils.CalculationTest$CompareWithMathAsin" time="0.0"/>
  <testcase name="x=-0.79, expected=-0.91080899740739829" classname="ru.itmo.tpo.utils.CalculationTest$CompareWithMathAsin" time="0.0"/>
  <testcase name="x=-0.78, expected=-0.89466581723423522" classname="ru.itmo.tpo.utils.CalculationTest$CompareWithMathAsin" time="0.001"/>
  <testcase name="x=-0.77, expected=-0.87884115166857968" classname="ru.itmo.tpo.utils.CalculationTest$CompareWithMathAsin" time="0.0"/>
  <testcase name="x=-0.76, expected=-0.86331311501555363" classname="ru.itmo.tpo.utils.CalculationTest$CompareWithMathAsin" time="0.001"/>
  <testcase name="x=-0.75, expected=-0.848062078981481" classname="ru.itmo.tpo.utils.CalculationTest$CompareWithMathAsin" time="0.0"/>
  <testcase name="x=-0.74, expected=-0.83307035834164778" classname="ru.itmo.tpo.utils.CalculationTest$CompareWithMathAsin" time="0.0"/>
  <testcase name="x=-0.73, expected=-0.81832195063155977" classname="ru.itmo.tpo.utils.CalculationTest$CompareWithMathAsin" time="0.0"/>
  <testcase name="x=-0.72, expected=-0.80380231893303" classname="ru.itmo.tpo.utils.CalculationTest$CompareWithMathAsin" time="0.0"/>
  <testcase name="x=-0.71, expected=-0.78949820934617188" classname="ru.itmo.tpo.utils.CalculationTest$CompareWithMathAsin" time="0.0"/>
  <testcase name="x=-0.70, expected=-0.77539749661075297" classname="ru.itmo.tpo.utils.CalculationTest$CompareWithMathAsin" time="0.0"/>
  <testcase name="x=-0.69, expected=-0.76148905274763312" classname="ru.itmo.tpo.utils.CalculationTest$CompareWithMathAsin" time="0.001"/>
  <testcase name="x=-0.68, expected=-0.74776263465992054" classname="ru.itmo.tpo.utils.CalculationTest$CompareWithMathAsin" time="0.0"/>
  <testcase name="x=-0.67, expected=-0.73420878745335882" classname="ru.itmo.tpo.utils.CalculationTest$CompareWithMathAsin" time="0.001"/>
  <testcase name="x=-0.66, expected=-0.72081876087008956" classname="ru.itmo.tpo.utils.CalculationTest$CompareWithMathAsin" time="0.0"/>
  <testcase name="x=-0.65, expected=-0.70758443672535565" classname="ru.itmo.tpo.utils.CalculationTest$CompareWithMathAsin" time="0.001"/>
  <testcase name="x=-0.64, expected=-0.69449826562655603" classname="ru.itmo.tpo.utils.CalculationTest$CompareWithMathAsin" time="0.0"/>
  <testcase name="x=-0.63, expected=-0.68155321156311688" classname="ru.itmo.tpo.utils.CalculationTest$CompareWithMathAsin" time="0.001"/>
  <testcase name="x=-0.62, expected=-0.66874270320237172" classname="ru.itmo.tpo.utils.CalculationTest$CompareWithMathAsin" time="0.0"/>
  <testcase name="x=-0.61, expected=-0.65606059092492264" classname="ru.itmo.tpo.utils.CalculationTest$CompareWithMathAsin" time="0.001"/>
  <testcase name="x=-0.60, expected=-0.64350110879328437" classname="ru.itmo.tpo.utils.CalculationTest$CompareWithMathAsin" time="0.0"/>
  <testcase name="x=-0.59, expected=-0.63105884077802143" classname="ru.itmo.tpo.utils.CalculationTest$CompareWithMathAsin" time="0.0"/>
  <testcase name="x=-0.58, expected=-0.61872869067225122" classname="ru.itmo.tpo.utils.CalculationTest$CompareWithMathAsin" time="0.0"/>
  <testcase name="x=-0.57, expected=-0.60650585521308698" classname="ru.itmo.tpo.utils.CalculationTest$CompareWithMathAsin" time="0.001"/>
  <testcase name="x=-0.56, expected=-0.59438580000106223" classname="ru.itmo.tpo.utils.CalculationTest$CompareWithMathAsin" time="0.0"/>
  <testcase name="x=-0.55, expected=-0.58236423786874347" classname="ru.itmo.tpo.utils.CalculationTest$CompareWithMathAsin" time="0.001"/>
  <testcase name="x=-0.54, expected=-0.57043710939992198" classname="ru.itmo.tpo.utils.CalculationTest$CompareWithMathAsin" time="0.0"/>
  <testcase name="x=-0.53, expected=-0.55860056534280078" classname="ru.itmo.tpo.utils.CalculationTest$CompareWithMathAsin" time="0.001"/>
  <testcase name="x=-0.52, expected=-0.54685095069594414" classname="ru.itmo.tpo.utils.CalculationTest$CompareWithMathAsin" time="0.0"/>
  <testcase name="x=-0.51, expected=-0.53518479027559984" classname="ru.itmo.tpo.utils.CalculationTest$CompareWithMathAsin" time="0.001"/>
  <testcase name="x=-0.50, expected=-0.52359877559829882" classname="ru.itmo.tpo.utils.CalculationTest$CompareWithMathAsin" time="0.0"/>
  <testcase name="x=-0.49, expected=-0.51208975293414771" classname="ru.itmo.tpo.utils.CalculationTest$CompareWithMathAsin" time="0.001"/>
  <testcase name="x=-0.48, expected=-0.50065471240458814" classname="ru.itmo.tpo.utils.CalculationTest$CompareWithMathAsin" time="0.0"/>
  <testcase name="x=-0.47, expected=-0.48929077801411569" classname="ru.itmo.tpo.utils.CalculationTest$CompareWithMathAsin" time="0.0"/>
  <testcase name="x=-0.46, expected=-0.47799519851895234" classname="ru.itmo.tpo.utils.CalculationTest$CompareWithMathAsin" time="0.0"/>
  <testcase name="x=-0.45, expected=-0.46676533904729633" classname="ru.itmo.tpo.utils.CalculationTest$CompareWithMathAsin" time="0.0"/>
  <testcase name="x=-0.44, expected=-0.45559867339582327" classname="ru.itmo.tpo.utils.CalculationTest$CompareWithMathAsin" time="0.0"/>
  <testcase name="x=-0.43, expected=-0.44449277693581907" classname="ru.itmo.tpo.utils.CalculationTest$CompareWithMathAsin" time="0.0"/>
  <testcase name="x=-0.42, expected=-0.43344532006988601" classname="ru.itmo.tpo.utils.CalculationTest$CompareWithMathAsin" time="0.0"/>
  <testcase name="x=-0.41, expected=-0.4224540621867558" classname="ru.itmo.tpo.utils.CalculationTest$CompareWithMathAsin" time="0.0"/>
  <testcase name="x=-0.40, expected=-0.41151684606748806" classname="ru.itmo.tpo.utils.CalculationTest$CompareWithMathAsin" time="0.0"/>
  <testcase name="x=-0.39, expected=-0.40063159270137194" classname="ru.itmo.tpo.utils.CalculationTest$CompareWithMathAsin" time="0.0"/>
  <testcase name="x=-0.38, expected=-0.38979629647426056" classname="ru.itmo.tpo.utils.CalculationTest$CompareWithMathAsin" time="0.0"/>
  <testcase name="x=-0.37, expected=-0.37900902069595083" classname="ru.itmo.tpo.utils.CalculationTest$CompareWithMathAsin" time="0.0"/>
  <testcase name="x=-0.36, expected=-0.36826789343663996" classname="ru.itmo.tpo.utils.CalculationTest$CompareWithMathAsin" time="0.001"/>
  <testcase name="x=-0.35, expected=-0.35757110364551026" classname="ru.itmo.tpo.utils.CalculationTest$CompareWithMathAsin" time="0.0"/>
  <testcase name="x=-0.34, expected=-0.34691689752716171" classname="ru.itmo.tpo.utils.CalculationTest$CompareWithMathAsin" time="0.0"/>
  <testcase name="x=-0.33, expected=-0.33630357515398029" classname="ru.itmo.tpo.utils.CalculationTest$CompareWithMathAsin" time="0.0"/>
  <testcase name="x=-0.32, expected=-0.32572948729463014" classname="ru.itmo.tpo.utils.CalculationTest$CompareWithMathAsin" time="0.0"/>
  <testcase name="x=-0.31, expected=-0.3151930324407245" classname="ru.itmo.tpo.utils.CalculationTest$CompareWithMathAsin" time="0.0"/>
  <testcase name="x=-0.30, expected=-0.30469265401539752" classname="ru.itmo.tpo.utils.CalculationTest$CompareWithMathAsin" time="0.001"/>
  <testcase name="x=-0.29, expected=-0.29422683774898251" classname="ru.itmo.tpo.utils.CalculationTest$CompareWithMathAsin" time="0.0"/>
  <testcase name="x=-0.28, expected=-0.28379410920832787" classname="ru.itmo.tpo.utils.CalculationTest$CompareWithMathAsin" time="0.001"/>
  <testcase name="x=-0.27, expected=-0.27339303146747324" classname="ru.itmo.tpo.utils.CalculationTest$CompareWithMathAsin" time="0.0"/>
  <testcase name="x=-0.26, expected=-0.26302220290846889" classname="ru.itmo.tpo.utils.CalculationTest$CompareWithMathAsin" time="0.0"/>
  <testcase name="x=-0.25, expected=-0.25268025514207865" classname="ru.itmo.tpo.utils.CalculationTest$CompareWithMathAsin" time="0.0"/>
  <testcase name="x=-0.24, expected=-0.24236585103896321" classname="ru.itmo.tpo.utils.CalculationTest$CompareWithMathAsin" time="0.0"/>
  <testcase name="x=-0.23, expected=-0.23207768286271316" classname="ru.itmo.tpo.utils.CalculationTest$CompareWithMathAsin" time="0.0"/>
  <testcase name="x=-0.22, expected=-0.2218144704967944" classname="ru.itmo.tpo.utils.CalculationTest$CompareWithMathAsin" time="0.0"/>
  <testcase name="x=-0.21, expected=-0.21157495975809557" classname="ru.itmo.tpo.utils.CalculationTest$CompareWithMathAsin" time="0.0"/>
  <testcase name="x=-0.20, expected=-0.20135792079033074" classname="ru.itmo.tpo.utils.CalculationTest$CompareWithMathAsin" time="0.0"/>
  <testcase name="x=-0.19, expected=-0.19116214653105953" classname="ru.itmo.tpo.utils.CalculationTest$CompareWithMathAsin" time="0.001"/>
  <testcase name="x=-0.18, expected=-0.18098645124654775" classname="ru.itmo.tpo.utils.CalculationTest$CompareWithMathAsin" time="0.0"/>
  <testcase name="x=-0.17, expected=-0.17082966912910455" classname="ru.itmo.tpo.utils.CalculationTest$CompareWithMathAsin" time="0.001"/>
  <testcase name="x=-0.16, expected=-0.16069065295191062" classname="ru.itmo.tpo.utils.CalculationTest$CompareWithMathAsin" time="0.0"/>
  <testcase name="x=-0.15, expected=-0.15056827277668605" classname="ru.itmo.tpo.utils.CalculationTest$CompareWithMathAsin" time="0.0"/>
  <testcase name="x=-0.14, expected=-0.14046141470985582" classname="ru.itmo.tpo.utils.CalculationTest$CompareWithMathAsin" time="0.0"/>
  <testcase name="x=-0.13, expected=-0.13036897970314551" classname="ru.itmo.tpo.utils.CalculationTest$CompareWithMathAsin" time="0.0"/>
  <testcase name="x=-0.12, expected=-0.12028988239478806" classname="ru.itmo.tpo.utils.CalculationTest$CompareWithMathAsin" time="0.001"/>
  <testcase name="x=-0.11, expected=-0.11022304998774662" classname="ru.itmo.tpo.utils.CalculationTest$CompareWithMathAsin" time="0.0"/>
  <testcase name="x=-0.10, expected=-0.10016742116155977" classname="ru.itmo.tpo.utils.CalculationTest$CompareWithMathAsin" time="0.0"/>
  <testcase name="x=-0.09, expected=-0.090121945014595223" classname="ru.itmo.tpo.utils.CalculationTest$CompareWithMathAsin" time="0.0"/>
  <testcase name="x=-0.08, expected=-0.080085580033658968" classname="ru.itmo.tpo.utils.CalculationTest$CompareWithMathAsin" time="0.0"/>
  <testcase name="x=-0.07, expected=-0.070057293088050199" classname="ru.itmo.tpo.utils.CalculationTest$CompareWithMathAsin" time="0.0"/>
  <testcase name="x=-0.06, expected=-0.060036058445278477" classname="ru.itmo.tpo.utils.CalculationTest$CompareWithMathAsin" time="0.0"/>
  <testcase name="x=-0.05, expected=-0.050020856805770057" classname="ru.itmo.tpo.utils.CalculationTest$CompareWithMathAsin" time="0.001"/>
  <testcase name="x=-0.04, expected=-0.040010674353988959" classname="ru.itmo.tpo.utils.CalculationTest$CompareWithMathAsin" time="0.0"/>
  <testcase name="x=-0.03, expected=-0.030004501823476963" classname="ru.itmo.tpo.utils.CalculationTest$CompareWithMathAsin" time="0.0"/>
  <testcase name="x=-0.02, expected=-0.020001333573390508" classname="ru.itmo.tpo.utils.CalculationTest$CompareWithMathAsin" time="0.0"/>
  <testcase name="x=-0.01, expected=-0.010000166674167123" classname="ru.itmo.tpo.utils.CalculationTest$CompareWithMathAsin" time="0.0"/>
  <testcase name="x=0.00, expected=0" classname="ru.itmo.tpo.utils.CalculationTest$CompareWithMathAsin" time="0.001"/>
  <testcase name="x=0.01, expected=0.010000166674167123" classname="ru.itmo.tpo.utils.CalculationTest$CompareWithMathAsin" time="0.0"/>
  <testcase name="x=0.02, expected=0.020001333573390508" classname="ru.itmo.tpo.utils.CalculationTest$CompareWithMathAsin" time="0.0"/>
  <testcase name="x=0.03, expected=0.030004501823476963" classname="ru.itmo.tpo.utils.CalculationTest$CompareWithMathAsin" time="0.0"/>
  <testcase name="x=0.04, expected=0.040010674353988959" classname="ru.itmo.tpo.utils.CalculationTest$CompareWithMathAsin" time="0.0"/>
  <testcase name="x=0.05, expected=0.050020856805770057" classname="ru.itmo.tpo.utils.CalculationTest$CompareWithMathAsin" time="0.001"/>
  <testcase name="x=0.06, expected=0.060036058445278477" classname="ru.itmo.tpo.utils.CalculationTest$CompareWithMathAsin" time="0.0"/>
  <testcase name="x=0.07, expected=0.07005729308805031" classname="ru.itmo.tpo.utils.CalculationTest$CompareWithMathAsin" time="0.0"/>
  <testcase name="x=0.08, expected=0.080085580033659079" classname="ru.itmo.tpo.utils.CalculationTest$CompareWithMathAsin" time="0.001"/>
  <testcase name="x=0.09, expected=0.090121945014595334" classname="ru.itmo.tpo.utils.CalculationTest$CompareWithMathAsin" time="0.0"/>
  <testcase name="x=0.10, expected=0.10016742116155988" classname="ru.itmo.tpo.utils.CalculationTest$CompareWithMathAsin" time="0.001"/>
  <testcase name="x=0.11, expected=0.11022304998774674" classname="ru.itmo.tpo.utils.CalculationTest$CompareWithMathAsin" time="0.0"/>
  <testcase name="x=0.12, expected=0.12028988239478818" classname="ru.itmo.tpo.utils.CalculationTest$CompareWithMathAsin" time="0.0"/>
  <testcase name="x=0.13, expected=0.1303689797031454" classname="ru.itmo.tpo.utils.CalculationTest$CompareWithMathAsin" time="0.0"/>
  <testcase name="x=0.14, expected=0.14046141470985571" classname="ru.itmo.tpo.utils.CalculationTest$CompareWithMathAsin" time="0.0"/>
  <testcase name="x=0.15, expected=0.15056827277668594" classname="ru.itmo.tpo.utils.CalculationTest$CompareWithMathAsin" time="0.001"/>
  <testcase name="x=0.16, expected=0.16069065295191051" classname="ru.itmo.tpo.utils.CalculationTest$CompareWithMathAsin" time="0.0"/>
  <testcase name="x=0.17, expected=0.17082966912910444" classname="ru.itmo.tpo.utils.CalculationTest$CompareWithMathAsin" time="0.0"/>
  <testcase name="x=0.18, expected=0.18098645124654764" classname="ru.itmo.tpo.utils.CalculationTest$CompareWithMathAsin" time="0.0"/>
  <testcase name="x=0.19, expected=0.19116214653105953" classname="ru.itmo.tpo.utils.CalculationTest$CompareWithMathAsin" time="0.0"/>
  <testcase name="x=0.20, expected=0.20135792079033074" classname="ru.itmo.tpo.utils.CalculationTest$CompareWithMathAsin" time="0.001"/>
  <testcase name="x=0.21, expected=0.21157495975809557" classname="ru.itmo.tpo.utils.CalculationTest$CompareWithMathAsin" time="0.0"/>
  <testcase name="x=0.22, expected=0.2218144704967944" classname="ru.itmo.tpo.utils.CalculationTest$CompareWithMathAsin" time="0.0"/>
  <testcase name="x=0.23, expected=0.23207768286271316" classname="ru.itmo.tpo.utils.CalculationTest$CompareWithMathAsin" time="0.0"/>
  <testcase name="x=0.24, expected=0.24236585103896321" classname="ru.itmo.tpo.utils.CalculationTest$CompareWithMathAsin" time="0.0"/>
  <testcase name="x=0.25, expected=0.25268025514207865" classname="ru.itmo.tpo.utils.CalculationTest$CompareWithMathAsin" time="0.001"/>
  <testcase name="x=0.26, expected=0.26302220290846889" classname="ru.itmo.tpo.utils.CalculationTest$CompareWithMathAsin" time="0.0"/>
  <testcase name="x=0.27, expected=0.27339303146747324" classname="ru.itmo.tpo.utils.CalculationTest$CompareWithMathAsin" time="0.0"/>
  <testcase name="x=0.28, expected=0.28379410920832787" classname="ru.itmo.tpo.utils.CalculationTest$CompareWithMathAsin" time="0.0"/>
  <testcase name="x=0.29, expected=0.29422683774898251" classname="ru.itmo.tpo.utils.CalculationTest$CompareWithMathAsin" time="0.0"/>
  <testcase name="x=0.30, expected=0.30469265401539752" classname="ru.itmo.tpo.utils.CalculationTest$CompareWithMathAsin" time="0.0"/>
  <testcase name="x=0.31, expected=0.3151930324407245" classname="ru.itmo.tpo.utils.CalculationTest$CompareWithMathAsin" time="0.0"/>
  <testcase name="x=0.32, expected=0.32572948729463025" classname="ru.itmo.tpo.utils.CalculationTest$CompareWithMathAsin" time="0.0"/>
  <testcase name="x=0.33, expected=0.33630357515398041" classname="ru.itmo.tpo.utils.CalculationTest$CompareWithMathAsin" time="0.0"/>
  <testcase name="x=0.34, expected=0.34691689752716182" classname="ru.itmo.tpo.utils.CalculationTest$CompareWithMathAsin" time="0.0"/>
  <testcase name="x=0.35, expected=0.35757110364551037" classname="ru.itmo.tpo.utils.CalculationTest$CompareWithMathAsin" time="0.0"/>
  <testcase name="x=0.36, expected=0.36826789343664007" classname="ru.itmo.tpo.utils.CalculationTest$CompareWithMathAsin" time="0.0"/>
  <testcase name="x=0.37, expected=0.37900902069595094" classname="ru.itmo.tpo.utils.CalculationTest$CompareWithMathAsin" time="0.0"/>
  <testcase name="x=0.38, expected=0.38979629647426045" classname="ru.itmo.tpo.utils.CalculationTest$CompareWithMathAsin" time="0.0"/>
  <testcase name="x=0.39, expected=0.40063159270137177" classname="ru.itmo.tpo.utils.CalculationTest$CompareWithMathAsin" time="0.0"/>
  <testcase name="x=0.40, expected=0.4115168460674879" classname="ru.itmo.tpo.utils.CalculationTest$CompareWithMathAsin" time="0.0"/>
  <testcase name="x=0.41, expected=0.42245406218675569" classname="ru.itmo.tpo.utils.CalculationTest$CompareWithMathAsin" time="0.0"/>
  <testcase name="x=0.42, expected=0.4334453200698859" classname="ru.itmo.tpo.utils.CalculationTest$CompareWithMathAsin" time="0.0"/>
  <testcase name="x=0.43, expected=0.44449277693581896" classname="ru.itmo.tpo.utils.CalculationTest$CompareWithMathAsin" time="0.0"/>
  <testcase name="x=0.44, expected=0.45559867339582327" classname="ru.itmo.tpo.utils.CalculationTest$CompareWithMathAsin" time="0.0"/>
  <testcase name="x=0.45, expected=0.46676533904729633" classname="ru.itmo.tpo.utils.CalculationTest$CompareWithMathAsin" time="0.0"/>
  <testcase name="x=0.46, expected=0.47799519851895234" classname="ru.itmo.tpo.utils.CalculationTest$CompareWithMathAsin" time="0.0"/>
  <testcase name="x=0.47, expected=0.48929077801411569" classname="ru.itmo.tpo.utils.CalculationTest$CompareWithMathAsin" time="0.0"/>
  <testcase name="x=0.48, expected=0.50065471240458814" classname="ru.itmo.tpo.utils.CalculationTest$CompareWithMathAsin" time="0.0"/>
  <testcase name="x=0.49, expected=0.51208975293414771" classname="ru.itmo.tpo.utils.CalculationTest$CompareWithMathAsin" time="0.0"/>
  <testcase name="x=0.50, expected=0.52359877559829882" classname="ru.itmo.tpo.utils.CalculationTest$CompareWithMathAsin" time="0.0"/>
  <testcase name="x=0.51, expected=0.53518479027559984" classname="ru.itmo.tpo.utils.CalculationTest$CompareWithMathAsin" time="0.001"/>
  <testcase name="x=0.52, expected=0.54685095069594414" classname="ru.itmo.tpo.utils.CalculationTest$CompareWithMathAsin" time="0.0"/>
  <testcase name="x=0.53, expected=0.55860056534280078" classname="ru.itmo.tpo.utils.CalculationTest$CompareWithMathAsin" time="0.0"/>
  <testcase name="x=0.54, expected=0.57043710939992198" classname="ru.itmo.tpo.utils.CalculationTest$CompareWithMathAsin" time="0.001"/>
  <testcase name="x=0.55, expected=0.58236423786874347" classname="ru.itmo.tpo.utils.CalculationTest$CompareWithMathAsin" time="0.0"/>
  <testcase name="x=0.56, expected=0.59438580000106223" classname="ru.itmo.tpo.utils.CalculationTest$CompareWithMathAsin" time="0.0"/>
  <testcase name="x=0.57, expected=0.60650585521308698" classname="ru.itmo.tpo.utils.CalculationTest$CompareWithMathAsin" time="0.0"/>
  <testcase name="x=0.58, expected=0.61872869067225122" classname="ru.itmo.tpo.utils.CalculationTest$CompareWithMathAsin" time="0.0"/>
  <testcase name="x=0.59, expected=0.63105884077802143" classname="ru.itmo.tpo.utils.CalculationTest$CompareWithMathAsin" time="0.0"/>
  <testcase name="x=0.60, expected=0.64350110879328448" classname="ru.itmo.tpo.utils.CalculationTest$CompareWithMathAsin" time="0.0"/>
  <testcase name="x=0.61, expected=0.65606059092492275" classname="ru.itmo.tpo.utils.CalculationTest$CompareWithMathAsin" time="0.0"/>
  <testcase name="x=0.62, expected=0.66874270320237184" classname="ru.itmo.tpo.utils.CalculationTest$CompareWithMathAsin" time="0.001"/>
  <testcase name="x=0.63, expected=0.68155321156311677" classname="ru.itmo.tpo.utils.CalculationTest$CompareWithMathAsin" time="0.0"/>
  <testcase name="x=0.64, expected=0.69449826562655581" classname="ru.itmo.tpo.utils.CalculationTest$CompareWithMathAsin" time="0.0"/>
  <testcase name="x=0.65, expected=0.70758443672535543" classname="ru.itmo.tpo.utils.CalculationTest$CompareWithMathAsin" time="0.001"/>
  <testcase name="x=0.66, expected=0.72081876087008956" classname="ru.itmo.tpo.utils.CalculationTest$CompareWithMathAsin" time="0.0"/>
  <testcase name="x=0.67, expected=0.73420878745335882" classname="ru.itmo.tpo.utils.CalculationTest$CompareWithMathAsin" time="0.0"/>
  <testcase name="x=0.68, expected=0.74776263465992054" classname="ru.itmo.tpo.utils.CalculationTest$CompareWithMathAsin" time="0.001"/>
  <testcase name="x=0.69, expected=0.76148905274763312" classname="ru.itmo.tpo.utils.CalculationTest$CompareWithMathAsin" time="0.0"/>
  <testcase name="x=0.70, expected=0.77539749661075297" classname="ru.itmo.tpo.utils.CalculationTest$CompareWithMathAsin" time="0.0"/>
  <testcase name="x=0.71, expected=0.78949820934617188" classname="ru.itmo.tpo.utils.CalculationTest$CompareWithMathAsin" time="0.0"/>
  <testcase name="x=0.72, expected=0.80380231893303" classname="ru.itmo.tpo.utils.CalculationTest$CompareWithMathAsin" time="0.0"/>
  <testcase name="x=0.73, expected=0.81832195063155977" classname="ru.itmo.tpo.utils.CalculationTest$CompareWithMathAsin" time="0.0"/>
  <testcase name="x=0.74, expected=0.83307035834164778" classname="ru.itmo.tpo.utils.CalculationTest$CompareWithMathAsin" time="0.001"/>
  <testcase name="x=0.75, expected=0.848062078981481" classname="ru.itmo.tpo.utils.CalculationTest$CompareWithMathAsin" time="0.0"/>
  <testcase name="x=0.76, expected=0.86331311501555363" classname="ru.itmo.tpo.utils.CalculationTest$CompareWithMathAsin" time="0.0"/>
  <testcase name="x=0.77, expected=0.87884115166857968" classname="ru.itmo.tpo.utils.CalculationTest$CompareWithMathAsin" time="0.001"/>
  <testcase name="x=0.78, expected=0.89466581723423522" classname="ru.itmo.tpo.utils.CalculationTest$CompareWithMathAsin" time="0.0"/>
  <testcase name="x=0.79, expected=0.91080899740739829" classname="ru.itmo.tpo.utils.CalculationTest$CompareWithMathAsin" time="0.0"/>
  <testcase name="x=0.80, expected=0.9272952180016123" classname="ru.itmo.tpo.utils.CalculationTest$CompareWithMathAsin" time="0.001"/>
  <testcase name="x=0.81, expected=0.94415211515415609" classname="ru.itmo.tpo.utils.CalculationTest$CompareWithMathAsin" time="0.0"/>
  <testcase name="x=0.82, expected=0.96141101876410173" classname="ru.itmo.tpo.utils.CalculationTest$CompareWithMathAsin" time="0.0"/>
  <testcase name="x=0.83, expected=0.97910768436835283" classname="ru.itmo.tpo.utils.CalculationTest$CompareWithMathAsin" time="0.0"/>
  <testcase name="x=0.84, expected=0.9972832223718" classname="ru.itmo.tpo.utils.CalculationTest$CompareWithMathAsin" time="0.0"/>
  <testcase name="x=0.85, expected=1.0159852938148253" classname="ru.itmo.tpo.utils.CalculationTest$CompareWithMathAsin" time="0.0"/>
  <testcase name="x=0.86, expected=1.0352696724805091" classname="ru.itmo.tpo.utils.CalculationTest$CompareWithMathAsin" time="0.0"/>
  <testcase name="x=0.87, expected=1.0552023205488064" classname="ru.itmo.tpo.utils.CalculationTest$CompareWithMathAsin" time="0.001"/>
  <testcase name="x=0.88, expected=1.0758622004540008" classname="ru.itmo.tpo.utils.CalculationTest$CompareWithMathAsin" time="0.0"/>
  <testcase name="x=0.89, expected=1.0973451695228302" classname="ru.itmo.tpo.utils.CalculationTest$CompareWithMathAsin" time="0.0"/>
  <testcase name="x=0.90, expected=1.119769514998634" classname="ru.itmo.tpo.utils.CalculationTest$CompareWithMathAsin" time="0.0"/>
  <testcase name="x=0.91, expected=1.1432840618500268" classname="ru.itmo.tpo.utils.CalculationTest$CompareWithMathAsin" time="0.0"/>
  <testcase name="x=0.92, expected=1.1680804852142348" classname="ru.itmo.tpo.utils.CalculationTest$CompareWithMathAsin" time="0.0"/>
  <testcase name="x=0.93, expected=1.1944128444771682" classname="ru.itmo.tpo.utils.CalculationTest$CompareWithMathAsin" time="0.0"/>
  <testcase name="x=0.94, expected=1.2226303055219356" classname="ru.itmo.tpo.utils.CalculationTest$CompareWithMathAsin" time="0.0"/>
  <testcase name="x=0.95, expected=1.2532358975033751" classname="ru.itmo.tpo.utils.CalculationTest$CompareWithMathAsin" time="0.0"/>
  <testcase name="x=0.96, expected=1.2870022175865687" classname="ru.itmo.tpo.utils.CalculationTest$CompareWithMathAsin" time="0.001"/>
  <testcase name="x=0.97, expected=1.3252308092796046" classname="ru.itmo.tpo.utils.CalculationTest$CompareWithMathAsin" time="0.0"/>
  <testcase name="x=0.98, expected=1.3704614844717768" classname="ru.itmo.tpo.utils.CalculationTest$CompareWithMathAsin" time="0.0"/>
  <testcase name="x=0.99, expected=1.4292568534704693" classname="ru.itmo.tpo.utils.CalculationTest$CompareWithMathAsin" time="0.0"/>
  <testcase name="x=1.00, expected=1.5707963267948966" classname="ru.itmo.tpo.utils.CalculationTest$CompareWithMathAsin" time="0.0"/>
  <system-out><![CDATA[]]></system-out>
  <system-err><![CDATA[]]></system-err>
</testsuite>
